<?xml version="1.0" encoding="UTF-8"?>
<testsuite xmlns:xsi="http://www.w3.org/2001/XMLSchema-instance" xsi:noNamespaceSchemaLocation="https://maven.apache.org/surefire/maven-surefire-plugin/xsd/surefire-test-report-3.0.xsd" version="3.0" name="org.houses.FileManagerTest" time="0.297" tests="3" errors="0" skipped="0" failures="0">
  <properties>
[...]
</properties>
  <testcase name="testWriteToXmlFile" classname="org.houses.FileManagerTest" time="0.184">
    <system-out><![CDATA[Данные успешно записаны в XML файл.
]]></system-out>
  </testcase>
  <testcase name="testWriteToFile" classname="org.houses.FileManagerTest" time="0.013">
    <system-out><![CDATA[Данные успешно записаны в TXT файл.
]]></system-out>
  </testcase>
  <testcase name="testWriteToJsonFile" classname="org.houses.FileManagerTest" time="0.082">
    <system-out><![CDATA[Данные успешно записаны в JSON файл.
Содержимое JSON файла: 
[
  {
    "id": 1,
    "type": "Кирпичный",
    "area": 120,
    "floors": 2,
    "price": 3000000.0
  },
  {
    "id": 2,
    "type": "Деревянный",
    "area": 80,
    "floors": 1,
    "price": 1500000.0
  }
]
]]></system-out>
  </testcase>
</testsuite>